<?xml version='1.0' encoding='UTF-8'?>
<testsuite hostname="arch-uwu" name="amyc.LexerTests" tests="1" errors="0" failures="1" skipped="0" time="0.16" timestamp="2022-11-03T12:09:09">
          <properties>
[...]
</properties>
          <testcase classname="amyc.LexerTests" name="testKeywords" time="0.16">
                      <failure message="scala.NotImplementedError: an implementation is missing" type="sbt.ForkMain$ForkError">sbt.ForkMain$ForkError: scala.NotImplementedError: an implementation is missing
	at scala.Predef$.$qmark$qmark$qmark(Predef.scala:344)
	at amyc.parsing.Lexer$.run$$anonfun$1$$anonfun$1$$anonfun$1(Lexer.scala:124)
	at scala.collection.Iterator$$anon$6.hasNext(Iterator.scala:472)
	at scala.collection.Iterator$$anon$9.hasNext(Iterator.scala:576)
	at scala.collection.Iterator$ConcatIterator.advance$1(Iterator.scala:1175)
	at scala.collection.Iterator$ConcatIterator.hasNext(Iterator.scala:1181)
	at scala.collection.IterableOnceOps.foreach(IterableOnce.scala:563)
	at scala.collection.IterableOnceOps.foreach$(IterableOnce.scala:561)
	at scala.collection.AbstractIterator.foreach(Iterator.scala:1293)
	at amyc.parsing.DisplayTokens$.run(Lexer.scala:137)
	at amyc.parsing.DisplayTokens$.run(Lexer.scala:136)
	at amyc.utils.Pipeline$$anon$1.run(Pipeline.scala:12)
	at amyc.CompilerTest.runPipeline(CompilerTest.scala:14)
	at amyc.CompilerTest.runPipelineRedirected$$anonfun$1(CompilerTest.scala:23)
	at amyc.CompilerTest.runPipelineRedirected$$anonfun$adapted$1(CompilerTest.scala:23)
	at amyc.TestUtils.testWithRedirectedIO$$anonfun$1$$anonfun$1$$anonfun$1(TestUtils.scala:18)
	at scala.util.DynamicVariable.withValue(DynamicVariable.scala:59)
	at scala.Console$.withIn(Console.scala:227)
	at amyc.TestUtils.testWithRedirectedIO$$anonfun$1$$anonfun$1(TestUtils.scala:19)
	at scala.util.DynamicVariable.withValue(DynamicVariable.scala:59)
	at scala.Console$.withErr(Console.scala:193)
	at amyc.TestUtils.testWithRedirectedIO$$anonfun$1(TestUtils.scala:20)
	at scala.util.DynamicVariable.withValue(DynamicVariable.scala:59)
	at scala.Console$.withOut(Console.scala:164)
	at amyc.TestUtils.testWithRedirectedIO(TestUtils.scala:21)
	at amyc.TestUtils.testWithRedirectedIO$(TestUtils.scala:6)
	at amyc.CompilerTest.testWithRedirectedIO(CompilerTest.scala:8)
	at amyc.CompilerTest.runPipelineRedirected(CompilerTest.scala:23)
	at amyc.CompilerTest.compareOutputs(CompilerTest.scala:55)
	at amyc.TestSuite.shouldOutput(TestSuite.scala:42)
	at amyc.TestSuite.shouldOutput(TestSuite.scala:47)
	at amyc.LexerTests.testKeywords(LexerTests.scala:13)
	at java.base/jdk.internal.reflect.NativeMethodAccessorImpl.invoke0(Native Method)
	at java.base/jdk.internal.reflect.NativeMethodAccessorImpl.invoke(NativeMethodAccessorImpl.java:62)
	at java.base/jdk.internal.reflect.DelegatingMethodAccessorImpl.invoke(DelegatingMethodAccessorImpl.java:43)
	at java.base/java.lang.reflect.Method.invoke(Method.java:566)
	at org.junit.runners.model.FrameworkMethod$1.runReflectiveCall(FrameworkMethod.java:47)
	at org.junit.internal.runners.model.ReflectiveCallable.run(ReflectiveCallable.java:12)
	at org.junit.runners.model.FrameworkMethod.invokeExplosively(FrameworkMethod.java:44)
	at org.junit.internal.runners.statements.InvokeMethod.evaluate(InvokeMethod.java:17)
	at org.junit.runners.ParentRunner.runLeaf(ParentRunner.java:271)
	at org.junit.runners.BlockJUnit4ClassRunner.runChild(BlockJUnit4ClassRunner.java:70)
	at org.junit.runners.BlockJUnit4ClassRunner.runChild(BlockJUnit4ClassRunner.java:50)
	at org.junit.runners.ParentRunner$3.run(ParentRunner.java:238)
	at org.junit.runners.ParentRunner$1.schedule(ParentRunner.java:63)
	at org.junit.runners.ParentRunner.runChildren(ParentRunner.java:236)
	at org.junit.runners.ParentRunner.access$000(ParentRunner.java:53)
	at org.junit.runners.ParentRunner$2.evaluate(ParentRunner.java:229)
	at org.junit.runners.ParentRunner.run(ParentRunner.java:309)
	at org.junit.runners.Suite.runChild(Suite.java:127)
	at org.junit.runners.Suite.runChild(Suite.java:26)
	at org.junit.runners.ParentRunner$3.run(ParentRunner.java:238)
	at org.junit.runners.ParentRunner$1.schedule(ParentRunner.java:63)
	at org.junit.runners.ParentRunner.runChildren(ParentRunner.java:236)
	at org.junit.runners.ParentRunner.access$000(ParentRunner.java:53)
	at org.junit.runners.ParentRunner$2.evaluate(ParentRunner.java:229)
	at org.junit.runners.ParentRunner.run(ParentRunner.java:309)
	at org.junit.runner.JUnitCore.run(JUnitCore.java:160)
	at org.junit.runner.JUnitCore.run(JUnitCore.java:138)
	at com.novocode.junit.JUnitRunner$1.execute(JUnitRunner.java:132)
	at sbt.ForkMain$Run.lambda$runTest$1(ForkMain.java:413)
	at java.base/java.util.concurrent.FutureTask.run(FutureTask.java:264)
	at java.base/java.util.concurrent.ThreadPoolExecutor.runWorker(ThreadPoolExecutor.java:1128)
	at java.base/java.util.concurrent.ThreadPoolExecutor$Worker.run(ThreadPoolExecutor.java:628)
	at java.base/java.lang.Thread.run(Thread.java:829)
</failure>
                    </testcase>
          <system-out><![CDATA[]]></system-out>
          <system-err><![CDATA[]]></system-err>
        </testsuite>